<?xml version="1.0" encoding="UTF-8"?>
<!-- Generated by org.testng.reporters.JUnitReportReporter -->
<testsuite skipped="0" hostname="DESKTOP-BTG7UVQ" name="org.example.TestRunner.runners" tests="2" failures="0" timestamp="2023-04-02T19:54:32 EET" time="49.294" errors="0">
  <testcase name="runScenario" time="29.218" classname="org.example.TestRunner.runners"/>
  <system-out/>
  <testcase name="runScenario" time="20.076" classname="org.example.TestRunner.runners"/>
  <system-out/>
</testsuite> <!-- org.example.TestRunner.runners -->
